E:\desktop_live\desktop_live\Debug\..\lib\encode.dll
E:\desktop_live\desktop_live\Debug\..\lib\encode.ilk
E:\desktop_live\desktop_live\Debug\..\lib\encode.pdb
E:\desktop_live\desktop_live\encode\Debug\cl.command.1.tlog
E:\desktop_live\desktop_live\encode\Debug\CL.read.1.tlog
E:\desktop_live\desktop_live\encode\Debug\CL.write.1.tlog
E:\DESKTOP_LIVE\DESKTOP_LIVE\ENCODE\DEBUG\ENCODE.DLL.EMBED.MANIFEST
E:\DESKTOP_LIVE\DESKTOP_LIVE\ENCODE\DEBUG\ENCODE.DLL.EMBED.MANIFEST.RES
E:\DESKTOP_LIVE\DESKTOP_LIVE\ENCODE\DEBUG\ENCODE.DLL.INTERMEDIATE.MANIFEST
E:\DESKTOP_LIVE\DESKTOP_LIVE\ENCODE\DEBUG\ENCODE.OBJ
E:\desktop_live\desktop_live\encode\Debug\encode.write.1.tlog
E:\desktop_live\desktop_live\encode\Debug\encode_manifest.rc
E:\desktop_live\desktop_live\encode\Debug\link.7452.read.1.tlog
E:\desktop_live\desktop_live\encode\Debug\link.7452.write.1.tlog
E:\desktop_live\desktop_live\encode\Debug\link.7452-cvtres.read.1.tlog
E:\desktop_live\desktop_live\encode\Debug\link.7452-cvtres.write.1.tlog
E:\desktop_live\desktop_live\encode\Debug\link.command.1.tlog
E:\desktop_live\desktop_live\encode\Debug\link.read.1.tlog
E:\desktop_live\desktop_live\encode\Debug\link.write.1.tlog
E:\desktop_live\desktop_live\encode\Debug\link-cvtres.read.1.tlog
E:\desktop_live\desktop_live\encode\Debug\link-cvtres.write.1.tlog
E:\desktop_live\desktop_live\encode\Debug\mt.command.1.tlog
E:\desktop_live\desktop_live\encode\Debug\mt.read.1.tlog
E:\desktop_live\desktop_live\encode\Debug\mt.write.1.tlog
E:\desktop_live\desktop_live\encode\Debug\rc.command.1.tlog
E:\desktop_live\desktop_live\encode\Debug\rc.read.1.tlog
E:\desktop_live\desktop_live\encode\Debug\rc.write.1.tlog
E:\desktop_live\desktop_live\encode\Debug\vc100.idb
E:\DESKTOP_LIVE\DESKTOP_LIVE\ENCODE\DEBUG\VC100.PDB
E:\DESKTOP_LIVE\DESKTOP_LIVE\LIB\ENCODE.DLL
E:\desktop_live\desktop_live\lib\encode.exp
E:\DESKTOP_LIVE\DESKTOP_LIVE\LIB\ENCODE.ILK
E:\desktop_live\desktop_live\lib\encode.lib
E:\DESKTOP_LIVE\DESKTOP_LIVE\LIB\ENCODE.PDB
