E:\DESKTOP_LIVE\DESKTOP_LIVE\CAPTURE\DEBUG\CAPTURE.DLL.EMBED.MANIFEST
E:\DESKTOP_LIVE\DESKTOP_LIVE\CAPTURE\DEBUG\CAPTURE.DLL.EMBED.MANIFEST.RES
E:\DESKTOP_LIVE\DESKTOP_LIVE\CAPTURE\DEBUG\CAPTURE.DLL.INTERMEDIATE.MANIFEST
E:\DESKTOP_LIVE\DESKTOP_LIVE\CAPTURE\DEBUG\CAPTURE.OBJ
E:\desktop_live\desktop_live\capture\Debug\capture.write.1.tlog
E:\desktop_live\desktop_live\capture\Debug\capture_manifest.rc
E:\desktop_live\desktop_live\capture\Debug\cl.command.1.tlog
E:\desktop_live\desktop_live\capture\Debug\CL.read.1.tlog
E:\desktop_live\desktop_live\capture\Debug\CL.write.1.tlog
E:\desktop_live\desktop_live\capture\Debug\link.1984.read.1.tlog
E:\desktop_live\desktop_live\capture\Debug\link.1984.write.1.tlog
E:\desktop_live\desktop_live\capture\Debug\link.1984-cvtres.read.1.tlog
E:\desktop_live\desktop_live\capture\Debug\link.1984-cvtres.write.1.tlog
E:\desktop_live\desktop_live\capture\Debug\link.command.1.tlog
E:\desktop_live\desktop_live\capture\Debug\link.read.1.tlog
E:\desktop_live\desktop_live\capture\Debug\link.write.1.tlog
E:\desktop_live\desktop_live\capture\Debug\link-cvtres.read.1.tlog
E:\desktop_live\desktop_live\capture\Debug\link-cvtres.write.1.tlog
E:\desktop_live\desktop_live\capture\Debug\mt.command.1.tlog
E:\desktop_live\desktop_live\capture\Debug\mt.read.1.tlog
E:\desktop_live\desktop_live\capture\Debug\mt.write.1.tlog
E:\desktop_live\desktop_live\capture\Debug\rc.command.1.tlog
E:\desktop_live\desktop_live\capture\Debug\rc.read.1.tlog
E:\desktop_live\desktop_live\capture\Debug\rc.write.1.tlog
E:\desktop_live\desktop_live\capture\Debug\vc100.idb
E:\DESKTOP_LIVE\DESKTOP_LIVE\CAPTURE\DEBUG\VC100.PDB
E:\desktop_live\desktop_live\Debug\..\lib\capture.dll
E:\desktop_live\desktop_live\Debug\..\lib\capture.ilk
E:\desktop_live\desktop_live\Debug\..\lib\capture.pdb
E:\DESKTOP_LIVE\DESKTOP_LIVE\LIB\CAPTURE.DLL
E:\desktop_live\desktop_live\lib\capture.exp
E:\DESKTOP_LIVE\DESKTOP_LIVE\LIB\CAPTURE.ILK
E:\desktop_live\desktop_live\lib\capture.lib
E:\DESKTOP_LIVE\DESKTOP_LIVE\LIB\CAPTURE.PDB
