E:\desktop_live\desktop_live\Debug\..\lib\log.dll
E:\desktop_live\desktop_live\Debug\..\lib\log.ilk
E:\desktop_live\desktop_live\Debug\..\lib\log.pdb
E:\DESKTOP_LIVE\DESKTOP_LIVE\LIB\LOG.DLL
E:\desktop_live\desktop_live\lib\log.exp
E:\DESKTOP_LIVE\DESKTOP_LIVE\LIB\LOG.ILK
E:\desktop_live\desktop_live\lib\log.lib
E:\DESKTOP_LIVE\DESKTOP_LIVE\LIB\LOG.PDB
E:\desktop_live\desktop_live\log\Debug\cl.command.1.tlog
E:\desktop_live\desktop_live\log\Debug\CL.read.1.tlog
E:\desktop_live\desktop_live\log\Debug\CL.write.1.tlog
E:\desktop_live\desktop_live\log\Debug\link.6992.read.1.tlog
E:\desktop_live\desktop_live\log\Debug\link.6992.write.1.tlog
E:\desktop_live\desktop_live\log\Debug\link.6992-cvtres.read.1.tlog
E:\desktop_live\desktop_live\log\Debug\link.6992-cvtres.write.1.tlog
E:\desktop_live\desktop_live\log\Debug\link.command.1.tlog
E:\desktop_live\desktop_live\log\Debug\link.read.1.tlog
E:\desktop_live\desktop_live\log\Debug\link.write.1.tlog
E:\desktop_live\desktop_live\log\Debug\link-cvtres.read.1.tlog
E:\desktop_live\desktop_live\log\Debug\link-cvtres.write.1.tlog
E:\DESKTOP_LIVE\DESKTOP_LIVE\LOG\DEBUG\LOG.DLL.EMBED.MANIFEST
E:\DESKTOP_LIVE\DESKTOP_LIVE\LOG\DEBUG\LOG.DLL.EMBED.MANIFEST.RES
E:\DESKTOP_LIVE\DESKTOP_LIVE\LOG\DEBUG\LOG.DLL.INTERMEDIATE.MANIFEST
E:\DESKTOP_LIVE\DESKTOP_LIVE\LOG\DEBUG\LOG.OBJ
E:\desktop_live\desktop_live\log\Debug\log.write.1.tlog
E:\desktop_live\desktop_live\log\Debug\log_manifest.rc
E:\desktop_live\desktop_live\log\Debug\mt.command.1.tlog
E:\desktop_live\desktop_live\log\Debug\mt.read.1.tlog
E:\desktop_live\desktop_live\log\Debug\mt.write.1.tlog
E:\desktop_live\desktop_live\log\Debug\rc.command.1.tlog
E:\desktop_live\desktop_live\log\Debug\rc.read.1.tlog
E:\desktop_live\desktop_live\log\Debug\rc.write.1.tlog
E:\desktop_live\desktop_live\log\Debug\vc100.idb
E:\DESKTOP_LIVE\DESKTOP_LIVE\LOG\DEBUG\VC100.PDB
