生成启动时间为 2015-08-07 15:35:50。
     1>项目“E:\desktop_live\desktop_live\log\log.vcxproj”在节点 2 上(build 个目标)。
     1>InitializeBuildStatus:
         正在创建“Release\log.unsuccessfulbuild”，因为已指定“AlwaysCreate”。
       ClCompile:
         C:\Program Files\Microsoft Visual Studio 10.0\VC\bin\CL.exe /c /Zi /nologo /W3 /WX- /O2 /Oi /Oy- /GL /D WIN32 /D NDEBUG /D _WINDOWS /D _USRDLL /D LOG_EXPORTS /D _WINDLL /D _UNICODE /D UNICODE /Gm- /EHsc /MD /GS /Gy /fp:precise /Zc:wchar_t /Zc:forScope /Fo"Release\\" /Fd"Release\vc100.pdb" /Gd /TC /analyze- /errorReport:prompt log.c
         log.c
     1>log.c(58): warning C4996: 'fopen': This function or variable may be unsafe. Consider using fopen_s instead. To disable deprecation, use _CRT_SECURE_NO_WARNINGS. See online help for details.
                 C:\Program Files\Microsoft Visual Studio 10.0\VC\include\stdio.h(234) : 参见“fopen”的声明
       Link:
         C:\Program Files\Microsoft Visual Studio 10.0\VC\bin\link.exe /ERRORREPORT:PROMPT /OUT:"E:\desktop_live\desktop_live\Release\log.dll" /INCREMENTAL:NO /NOLOGO kernel32.lib user32.lib gdi32.lib winspool.lib comdlg32.lib advapi32.lib shell32.lib ole32.lib oleaut32.lib uuid.lib odbc32.lib odbccp32.lib /MANIFEST /ManifestFile:"Release\log.dll.intermediate.manifest" /MANIFESTUAC:"level='asInvoker' uiAccess='false'" /DEBUG /PDB:"E:\desktop_live\desktop_live\Release\log.pdb" /SUBSYSTEM:WINDOWS /OPT:REF /OPT:ICF /LTCG /TLBID:1 /DYNAMICBASE /NXCOMPAT /IMPLIB:"E:\desktop_live\desktop_live\Release\log.lib" /MACHINE:X86 /DLL Release\log.obj
            正在创建库 E:\desktop_live\desktop_live\Release\log.lib 和对象 E:\desktop_live\desktop_live\Release\log.exp
         正在生成代码
         已完成代码的生成
         log.vcxproj -> E:\desktop_live\desktop_live\Release\log.dll
       Manifest:
         C:\Program Files\Microsoft SDKs\Windows\v7.0A\bin\mt.exe /nologo /verbose /outputresource:"E:\desktop_live\desktop_live\Release\log.dll;#2" /manifest Release\log.dll.intermediate.manifest
       FinalizeBuildStatus:
         正在删除文件“Release\log.unsuccessfulbuild”。
         正在对“Release\log.lastbuildstate”执行 Touch 任务。
     1>已完成生成项目“E:\desktop_live\desktop_live\log\log.vcxproj”(build 个目标)的操作。

生成成功。

已用时间 00:00:00.57
