E:\desktop_live\desktop_live\Debug\..\lib\desktop_live.exe
E:\desktop_live\desktop_live\Debug\..\lib\desktop_live.ilk
E:\desktop_live\desktop_live\Debug\..\lib\desktop_live.pdb
E:\desktop_live\desktop_live\desktop_live\Debug\cl.command.1.tlog
E:\desktop_live\desktop_live\desktop_live\Debug\CL.read.1.tlog
E:\desktop_live\desktop_live\desktop_live\Debug\CL.write.1.tlog
E:\DESKTOP_LIVE\DESKTOP_LIVE\DESKTOP_LIVE\DEBUG\DESKTOP_LIVE.EXE.EMBED.MANIFEST
E:\DESKTOP_LIVE\DESKTOP_LIVE\DESKTOP_LIVE\DEBUG\DESKTOP_LIVE.EXE.EMBED.MANIFEST.RES
E:\DESKTOP_LIVE\DESKTOP_LIVE\DESKTOP_LIVE\DEBUG\DESKTOP_LIVE.EXE.INTERMEDIATE.MANIFEST
E:\DESKTOP_LIVE\DESKTOP_LIVE\DESKTOP_LIVE\DEBUG\DESKTOP_LIVE.OBJ
E:\desktop_live\desktop_live\desktop_live\Debug\desktop_live_manifest.rc
E:\desktop_live\desktop_live\desktop_live\Debug\link.2916.read.1.tlog
E:\desktop_live\desktop_live\desktop_live\Debug\link.2916.write.1.tlog
E:\desktop_live\desktop_live\desktop_live\Debug\link.2916-cvtres.read.1.tlog
E:\desktop_live\desktop_live\desktop_live\Debug\link.2916-cvtres.write.1.tlog
E:\desktop_live\desktop_live\desktop_live\Debug\link.3040.read.1.tlog
E:\desktop_live\desktop_live\desktop_live\Debug\link.3040.write.1.tlog
E:\desktop_live\desktop_live\desktop_live\Debug\link.3040-cvtres.read.1.tlog
E:\desktop_live\desktop_live\desktop_live\Debug\link.3040-cvtres.write.1.tlog
E:\desktop_live\desktop_live\desktop_live\Debug\link.8680.read.1.tlog
E:\desktop_live\desktop_live\desktop_live\Debug\link.8680.write.1.tlog
E:\desktop_live\desktop_live\desktop_live\Debug\link.8680-cvtres.read.1.tlog
E:\desktop_live\desktop_live\desktop_live\Debug\link.8680-cvtres.write.1.tlog
E:\desktop_live\desktop_live\desktop_live\Debug\link.8700.read.1.tlog
E:\desktop_live\desktop_live\desktop_live\Debug\link.8700.write.1.tlog
E:\desktop_live\desktop_live\desktop_live\Debug\link.8700-cvtres.read.1.tlog
E:\desktop_live\desktop_live\desktop_live\Debug\link.8700-cvtres.write.1.tlog
E:\desktop_live\desktop_live\desktop_live\Debug\link.command.1.tlog
E:\desktop_live\desktop_live\desktop_live\Debug\link.read.1.tlog
E:\desktop_live\desktop_live\desktop_live\Debug\link.write.1.tlog
E:\desktop_live\desktop_live\desktop_live\Debug\link-cvtres.read.1.tlog
E:\desktop_live\desktop_live\desktop_live\Debug\link-cvtres.write.1.tlog
E:\desktop_live\desktop_live\desktop_live\Debug\mt.command.1.tlog
E:\desktop_live\desktop_live\desktop_live\Debug\mt.read.1.tlog
E:\desktop_live\desktop_live\desktop_live\Debug\mt.write.1.tlog
E:\desktop_live\desktop_live\desktop_live\Debug\rc.command.1.tlog
E:\desktop_live\desktop_live\desktop_live\Debug\rc.read.1.tlog
E:\desktop_live\desktop_live\desktop_live\Debug\rc.write.1.tlog
E:\DESKTOP_LIVE\DESKTOP_LIVE\DESKTOP_LIVE\DEBUG\RTP.OBJ
E:\DESKTOP_LIVE\DESKTOP_LIVE\DESKTOP_LIVE\DEBUG\RTSP.OBJ
E:\desktop_live\desktop_live\desktop_live\Debug\vc100.idb
E:\DESKTOP_LIVE\DESKTOP_LIVE\DESKTOP_LIVE\DEBUG\VC100.PDB
E:\DESKTOP_LIVE\DESKTOP_LIVE\LIB\DESKTOP_LIVE.EXE
E:\DESKTOP_LIVE\DESKTOP_LIVE\LIB\DESKTOP_LIVE.ILK
E:\DESKTOP_LIVE\DESKTOP_LIVE\LIB\DESKTOP_LIVE.PDB
